2023-08-12T01:12:04+00:00 CRITICAL Out of memory (allocated 89128960) (tried to allocate 217088 bytes) in /home/crioit/criof.com/xmlrpc.php on line 66

2023-08-12T01:13:07+00:00 CRITICAL LiteSpeed\Root::cls(): Cannot use output buffering in output buffering display handlers in /home/crioit/criof.com/wp-includes/Requests/src/Transport/Curl.php on line 398

2023-08-12T01:14:40+00:00 CRITICAL WP_Hook::apply_filters(): Cannot use output buffering in output buffering display handlers in /home/crioit/criof.com/wp-content/plugins/woocommerce/packages/woocommerce-blocks/src/BlockTypes/CartTotalsBlock.php on line 1

2023-08-12T01:58:06+00:00 CRITICAL LiteSpeed\Core::_check_is_html(): Cannot use output buffering in output buffering display handlers in /home/crioit/criof.com/wp-content/plugins/litespeed-cache/src/htaccess.cls.php on line 594

2023-08-12T03:28:31+00:00 CRITICAL array_unshift(): Cannot use output buffering in output buffering display handlers in /home/crioit/criof.com/wp-includes/plugin.php on line 203

2023-08-12T04:32:19+00:00 CRITICAL Out of memory (allocated 59244544) (tried to allocate 135168 bytes) in /home/crioit/criof.com/wp-content/plugins/olympus-google-fonts/includes/functions.php on line 159

2023-08-12T05:05:22+00:00 CRITICAL LiteSpeed\Core::_check_is_html(): Cannot use output buffering in output buffering display handlers in /home/crioit/criof.com/wp-content/plugins/litespeed-cache/src/htaccess.cls.php on line 594

2023-08-12T08:41:24+00:00 CRITICAL Uncaught TypeError: TInvWL_Public_Wishlist_Ajax::wishlist_ajax_actions(): Argument #3 ($guest_wishlist) must be of type bool, null given, called in /home/crioit/criof.com/wp-content/plugins/ti-woocommerce-wishlist/public/wishlist/ajax.class.php on line 85 and defined in /home/crioit/criof.com/wp-content/plugins/ti-woocommerce-wishlist/public/wishlist/ajax.class.php:117
Stack trace:
#0 /home/crioit/criof.com/wp-content/plugins/ti-woocommerce-wishlist/public/wishlist/ajax.class.php(85): TInvWL_Public_Wishlist_Ajax->wishlist_ajax_actions(Array, Array, NULL)
#1 /home/crioit/criof.com/wp-includes/class-wp-hook.php(308): TInvWL_Public_Wishlist_Ajax->ajax_action('')
#2 /home/crioit/criof.com/wp-includes/class-wp-hook.php(332): WP_Hook->apply_filters('', Array)
#3 /home/crioit/criof.com/wp-includes/plugin.php(517): WP_Hook->do_action(Array)
#4 /home/crioit/criof.com/wp-content/plugins/woocommerce/includes/class-wc-ajax.php(96): do_action('wc_ajax_tinvwl')
#5 /home/crioit/criof.com/wp-includes/class-wp-hook.php(308): WC_AJAX::do_wc_ajax('')
#6 /home/crioit/criof.com/wp-includes/class-wp-hook.php(332): WP_Hook->apply_filters(false, Array)
#7 /home/crioit/criof.com/wp-includes/plugin.php(517): WP_Hook->do_action(Array)
#8 /home/crioit/criof.com/wp-includes/template-loader.php(13): do_action('template_redire...')
#9 /home/crioit/criof.com/wp-blog-header.php(19): require_once('/home/crioit/cr...')
#10 /home/crioit/criof.com/index.php(17): require('/home/crioit/cr...')
#11 {main}
  thrown in /home/crioit/criof.com/wp-content/plugins/ti-woocommerce-wishlist/public/wishlist/ajax.class.php on line 117

2023-08-12T09:38:38+00:00 CRITICAL LiteSpeed\Core::_check_is_html(): Cannot use output buffering in output buffering display handlers in /home/crioit/criof.com/wp-content/plugins/elementor/includes/db.php on line 183

2023-08-12T09:58:14+00:00 CRITICAL LiteSpeed\Core::_check_is_html(): Cannot use output buffering in output buffering display handlers in /home/crioit/criof.com/wp-content/plugins/litespeed-cache/src/htaccess.cls.php on line 15

2023-08-12T09:58:18+00:00 CRITICAL Out of memory (allocated 61341696) (tried to allocate 20480 bytes) in /home/crioit/criof.com/wp-content/plugins/olympus-google-fonts/includes/functions.php on line 162

2023-08-12T11:25:29+00:00 CRITICAL Out of memory (allocated 91226112) (tried to allocate 221184 bytes) in /home/crioit/criof.com/wp-includes/class-wpdb.php on line 2431

2023-08-12T11:26:28+00:00 CRITICAL LiteSpeed\Core::_check_is_html(): Cannot use output buffering in output buffering display handlers in /home/crioit/criof.com/wp-content/plugins/elementor/includes/elements/column.php on line 926

2023-08-12T11:32:36+00:00 CRITICAL Out of memory (allocated 63438848) (tried to allocate 20480 bytes) in /home/crioit/criof.com/wp-content/plugins/woo-variation-swatches/includes/class-woo-variation-swatches-product-page.php on line 563

2023-08-12T12:42:34+00:00 CRITICAL LiteSpeed\Core::_check_is_html(): Cannot use output buffering in output buffering display handlers in /home/crioit/criof.com/wp-content/plugins/litespeed-cache/src/htaccess.cls.php on line 15

2023-08-12T12:51:51+00:00 CRITICAL LiteSpeed\Root::cls(): Cannot use output buffering in output buffering display handlers in /home/crioit/criof.com/wp-content/plugins/litespeed-cache/src/media.cls.php on line 317

2023-08-12T12:53:20+00:00 CRITICAL Out of memory (allocated 91226112) (tried to allocate 221184 bytes) in /home/crioit/criof.com/wp-includes/class-wpdb.php on line 2397

2023-08-12T15:23:05+00:00 CRITICAL LiteSpeed\Root::cls(): Cannot use output buffering in output buffering display handlers in /home/crioit/criof.com/wp-includes/class-wp-xmlrpc-server.php on line 914

2023-08-12T15:35:23+00:00 CRITICAL apply_filters(): Cannot use output buffering in output buffering display handlers in /home/crioit/criof.com/wp-includes/plugin.php on line 177

2023-08-12T16:31:11+00:00 CRITICAL LiteSpeed\Root::cls(): Cannot use output buffering in output buffering display handlers in /home/crioit/criof.com/wp-includes/class-wp-xmlrpc-server.php on line 3044

2023-08-12T16:57:42+00:00 CRITICAL Out of memory (allocated 55050240) (tried to allocate 114688 bytes) in /home/crioit/criof.com/wp-settings.php on line 468

2023-08-12T18:06:42+00:00 CRITICAL Uncaught Error: Class "UpdraftPlus_Database_Utility" not found in /home/crioit/criof.com/wp-content/plugins/updraftplus/templates/wp-admin/advanced/db-size.php:13
Stack trace:
#0 /home/crioit/criof.com/wp-content/plugins/updraftplus/admin.php(104): include()
#1 /home/crioit/criof.com/wp-content/plugins/updraftplus/templates/wp-admin/advanced/advanced-tools.php(22): UpdraftPlus_Admin->include_template('/wp-admin/advan...')
#2 /home/crioit/criof.com/wp-content/plugins/updraftplus/admin.php(104): include('/home/crioit/cr...')
#3 /home/crioit/criof.com/wp-content/plugins/updraftplus/admin.php(3561): UpdraftPlus_Admin->include_template('wp-admin/advanc...', false, Array)
#4 /home/crioit/criof.com/wp-content/plugins/updraftplus/admin.php(3158): UpdraftPlus_Admin->settings_advanced_tools()
#5 /home/crioit/criof.com/wp-includes/class-wp-hook.php(308): UpdraftPlus_Admin->settings_output('')
#6 /home/crioit/criof.com/wp-includes/class-wp-hook.php(332): WP_Hook->apply_filters('', Array)
#7 /home/crioit/criof.com/wp-includes/plugin.php(517): WP_Hook->do_action(Array)
#8 /home/crioit/criof.com/wp-admin/admin.php(259): do_action('settings_page_u...')
#9 /home/crioit/criof.com/wp-admin/options-general.php(10): require_once('/home/crioit/cr...')
#10 {main}
  thrown in /home/crioit/criof.com/wp-content/plugins/updraftplus/templates/wp-admin/advanced/db-size.php on line 13

2023-08-12T20:19:06+00:00 CRITICAL Out of memory (allocated 91226112) (tried to allocate 221184 bytes) in /home/crioit/criof.com/wp-includes/class-wpdb.php on line 2431

2023-08-12T20:49:00+00:00 CRITICAL Out of memory (allocated 89128960) (tried to allocate 217088 bytes) in /home/crioit/criof.com/xmlrpc.php on line 66

2023-08-12T20:50:39+00:00 CRITICAL require_once(): Cannot use output buffering in output buffering display handlers in /home/crioit/criof.com/wp-content/plugins/litespeed-cache/src/metabox.cls.php on line 1

2023-08-12T21:54:54+00:00 CRITICAL LiteSpeed\Root::cls(): Cannot use output buffering in output buffering display handlers in /home/crioit/criof.com/wp-admin/includes/misc.php on line 805

2023-08-12T23:25:16+00:00 CRITICAL Out of memory (allocated 84934656) (tried to allocate 20480 bytes) in /home/crioit/criof.com/wp-includes/class-wp-theme-json.php on line 889

