2023-08-13T01:50:03+00:00 CRITICAL Out of memory (allocated 72351744) (tried to allocate 12288 bytes) in /home/crioit/criof.com/wp-content/themes/own-shop/inc/class-tgm-plugin-activation.php on line 2822

2023-08-13T03:06:18+00:00 CRITICAL Out of memory (allocated 59244544) (tried to allocate 135168 bytes) in /home/crioit/criof.com/wp-content/plugins/olympus-google-fonts/includes/functions.php on line 159

2023-08-13T03:37:22+00:00 CRITICAL LiteSpeed\Root::cls(): Cannot use output buffering in output buffering display handlers in /home/crioit/criof.com/wp-includes/Requests/src/Transport/Curl.php on line 450

2023-08-13T03:40:04+00:00 CRITICAL Out of memory (allocated 59244544) (tried to allocate 20480 bytes) in /home/crioit/criof.com/wp-content/plugins/olympus-google-fonts/includes/functions.php on line 162

2023-08-13T04:29:08+00:00 CRITICAL LiteSpeed\Root::cls(): Cannot use output buffering in output buffering display handlers in /home/crioit/criof.com/wp-content/plugins/litespeed-cache/src/media.cls.php on line 347

2023-08-13T05:28:55+00:00 CRITICAL Out of memory (allocated 91226112) (tried to allocate 221184 bytes) in /home/crioit/criof.com/wp-includes/class-wpdb.php on line 2431

2023-08-13T05:34:38+00:00 CRITICAL LiteSpeed\Core::_check_is_html(): Cannot use output buffering in output buffering display handlers in /home/crioit/criof.com/wp-content/plugins/elementor/includes/template-library/manager.php on line 1

2023-08-13T07:55:27+00:00 CRITICAL LiteSpeed\Root::cls(): Cannot use output buffering in output buffering display handlers in /home/crioit/criof.com/wp-includes/class-wp-xmlrpc-server.php on line 914

2023-08-13T09:55:13+00:00 CRITICAL Out of memory (allocated 55050240) (tried to allocate 114688 bytes) in /home/crioit/criof.com/wp-settings.php on line 468

2023-08-13T09:57:26+00:00 CRITICAL Out of memory (allocated 55050240) (tried to allocate 114688 bytes) in /home/crioit/criof.com/wp-settings.php on line 468

2023-08-13T10:32:45+00:00 CRITICAL LiteSpeed\Root::cls(): Cannot use output buffering in output buffering display handlers in /home/crioit/criof.com/wp-content/plugins/woocommerce/packages/woocommerce-blocks/src/BlockTypes/CartOrderSummaryCouponFormBlock.php on line 1

2023-08-13T10:33:04+00:00 CRITICAL Out of memory (allocated 55050240) (tried to allocate 114688 bytes) in /home/crioit/criof.com/wp-settings.php on line 468

2023-08-13T10:33:08+00:00 CRITICAL LiteSpeed\Core::send_headers_force(): Cannot use output buffering in output buffering display handlers in /home/crioit/criof.com/wp-content/plugins/elementor/includes/template-library/sources/local.php on line 911

2023-08-13T11:00:49+00:00 CRITICAL Uncaught Error: Class "UpdraftPlus_Database_Utility" not found in /home/crioit/criof.com/wp-content/plugins/updraftplus/templates/wp-admin/advanced/db-size.php:13
Stack trace:
#0 /home/crioit/criof.com/wp-content/plugins/updraftplus/admin.php(104): include()
#1 /home/crioit/criof.com/wp-content/plugins/updraftplus/templates/wp-admin/advanced/advanced-tools.php(22): UpdraftPlus_Admin->include_template('/wp-admin/advan...')
#2 /home/crioit/criof.com/wp-content/plugins/updraftplus/admin.php(104): include('/home/crioit/cr...')
#3 /home/crioit/criof.com/wp-content/plugins/updraftplus/admin.php(3561): UpdraftPlus_Admin->include_template('wp-admin/advanc...', false, Array)
#4 /home/crioit/criof.com/wp-content/plugins/updraftplus/admin.php(3158): UpdraftPlus_Admin->settings_advanced_tools()
#5 /home/crioit/criof.com/wp-includes/class-wp-hook.php(308): UpdraftPlus_Admin->settings_output('')
#6 /home/crioit/criof.com/wp-includes/class-wp-hook.php(332): WP_Hook->apply_filters('', Array)
#7 /home/crioit/criof.com/wp-includes/plugin.php(517): WP_Hook->do_action(Array)
#8 /home/crioit/criof.com/wp-admin/admin.php(259): do_action('settings_page_u...')
#9 /home/crioit/criof.com/wp-admin/options-general.php(10): require_once('/home/crioit/cr...')
#10 {main}
  thrown in /home/crioit/criof.com/wp-content/plugins/updraftplus/templates/wp-admin/advanced/db-size.php on line 13

2023-08-13T14:26:12+00:00 CRITICAL LiteSpeed\Root::cls(): Cannot use output buffering in output buffering display handlers in /home/crioit/criof.com/wp-content/plugins/woocommerce/packages/woocommerce-blocks/build/cart.asset.php on line 1

2023-08-13T15:23:00+00:00 CRITICAL LiteSpeed\Root::cls(): Cannot use output buffering in output buffering display handlers in /home/crioit/criof.com/wp-includes/Requests/src/Transport/Curl.php on line 450

2023-08-13T15:23:22+00:00 CRITICAL require_once(): Cannot use output buffering in output buffering display handlers in /home/crioit/criof.com/wp-content/plugins/litespeed-cache/src/utility.cls.php on line 406

2023-08-13T16:16:40+00:00 CRITICAL Out of memory (allocated 59244544) (tried to allocate 135168 bytes) in /home/crioit/criof.com/wp-content/plugins/olympus-google-fonts/includes/functions.php on line 159

2023-08-13T17:03:00+00:00 CRITICAL Out of memory (allocated 72351744) (tried to allocate 16384 bytes) in /home/crioit/criof.com/wp-content/themes/own-shop/inc/class-tgm-plugin-activation.php on line 2741

2023-08-13T18:05:06+00:00 CRITICAL Uncaught Error: Class "UpdraftPlus_Database_Utility" not found in /home/crioit/criof.com/wp-content/plugins/updraftplus/templates/wp-admin/advanced/db-size.php:13
Stack trace:
#0 /home/crioit/criof.com/wp-content/plugins/updraftplus/admin.php(104): include()
#1 /home/crioit/criof.com/wp-content/plugins/updraftplus/templates/wp-admin/advanced/advanced-tools.php(22): UpdraftPlus_Admin->include_template('/wp-admin/advan...')
#2 /home/crioit/criof.com/wp-content/plugins/updraftplus/admin.php(104): include('/home/crioit/cr...')
#3 /home/crioit/criof.com/wp-content/plugins/updraftplus/admin.php(3561): UpdraftPlus_Admin->include_template('wp-admin/advanc...', false, Array)
#4 /home/crioit/criof.com/wp-content/plugins/updraftplus/admin.php(3158): UpdraftPlus_Admin->settings_advanced_tools()
#5 /home/crioit/criof.com/wp-includes/class-wp-hook.php(308): UpdraftPlus_Admin->settings_output('')
#6 /home/crioit/criof.com/wp-includes/class-wp-hook.php(332): WP_Hook->apply_filters('', Array)
#7 /home/crioit/criof.com/wp-includes/plugin.php(517): WP_Hook->do_action(Array)
#8 /home/crioit/criof.com/wp-admin/admin.php(259): do_action('settings_page_u...')
#9 /home/crioit/criof.com/wp-admin/options-general.php(10): require_once('/home/crioit/cr...')
#10 {main}
  thrown in /home/crioit/criof.com/wp-content/plugins/updraftplus/templates/wp-admin/advanced/db-size.php on line 13

2023-08-13T18:59:46+00:00 CRITICAL Out of memory (allocated 59244544) (tried to allocate 135168 bytes) in /home/crioit/criof.com/wp-content/plugins/olympus-google-fonts/includes/functions.php on line 159

2023-08-13T19:55:09+00:00 CRITICAL Out of memory (allocated 55050240) (tried to allocate 114688 bytes) in /home/crioit/criof.com/wp-settings.php on line 468

2023-08-13T20:32:58+00:00 CRITICAL Out of memory (allocated 89128960) (tried to allocate 217088 bytes) in /home/crioit/criof.com/xmlrpc.php on line 66

2023-08-13T20:33:03+00:00 CRITICAL LiteSpeed\Root::cls(): Cannot use output buffering in output buffering display handlers in /home/crioit/criof.com/wp-includes/class-wp-xmlrpc-server.php on line 2672

2023-08-13T20:46:52+00:00 CRITICAL Out of memory (allocated 55050240) (tried to allocate 114688 bytes) in /home/crioit/criof.com/wp-settings.php on line 468

2023-08-13T21:27:49+00:00 CRITICAL LiteSpeed\Root::cls(): Cannot use output buffering in output buffering display handlers in /home/crioit/criof.com/wp-content/plugins/litespeed-cache/src/media.cls.php on line 347

