2023-08-11T06:09:18+00:00 CRITICAL Out of memory (allocated 59244544) (tried to allocate 135168 bytes) in /home/crioit/criof.com/wp-content/plugins/olympus-google-fonts/includes/functions.php on line 159

2023-08-11T07:33:03+00:00 CRITICAL WC_Regenerate_Images::init(): Cannot use output buffering in output buffering display handlers in /home/crioit/criof.com/wp-content/plugins/woocommerce/includes/class-wc-regenerate-images.php on line 49

2023-08-11T07:57:24+00:00 CRITICAL LiteSpeed\Root::cls(): Cannot use output buffering in output buffering display handlers in /home/crioit/criof.com/wp-content/plugins/litespeed-cache/src/media.cls.php on line 347

2023-08-11T08:34:09+00:00 CRITICAL Out of memory (allocated 63438848) (tried to allocate 36864 bytes) in /home/crioit/criof.com/wp-content/plugins/woo-variation-swatches/includes/getwooplugins/class-getwooplugins-admin-menus.php on line 29

2023-08-11T08:34:34+00:00 CRITICAL LiteSpeed\Root::cls(): Cannot use output buffering in output buffering display handlers in /home/crioit/criof.com/wp-admin/includes/misc.php on line 441

2023-08-11T08:52:02+00:00 CRITICAL Out of memory (allocated 91226112) (tried to allocate 221184 bytes) in /home/crioit/criof.com/wp-includes/class-wpdb.php on line 2431

2023-08-11T09:36:11+00:00 CRITICAL LiteSpeed\Root::cls(): Cannot use output buffering in output buffering display handlers in /home/crioit/criof.com/wp-content/plugins/woocommerce/packages/woocommerce-blocks/src/BlockTypes/CartOrderSummaryCouponFormBlock.php on line 1

2023-08-11T09:37:05+00:00 CRITICAL LiteSpeed\Root::cls(): Cannot use output buffering in output buffering display handlers in /home/crioit/criof.com/wp-content/plugins/woocommerce/packages/woocommerce-blocks/src/BlockTypes/CartOrderSummaryShippingBlock.php on line 1

2023-08-11T09:37:08+00:00 CRITICAL LiteSpeed\Root::cls(): Cannot use output buffering in output buffering display handlers in /home/crioit/criof.com/wp-includes/blocks/blocks-json.php on line 1

2023-08-11T11:41:42+00:00 CRITICAL ogf_fonts_array(): Cannot use output buffering in output buffering display handlers in /home/crioit/criof.com/wp-content/plugins/olympus-google-fonts/includes/functions.php on line 173

2023-08-11T12:08:44+00:00 CRITICAL LiteSpeed\Root::cls(): Cannot use output buffering in output buffering display handlers in /home/crioit/criof.com/wp-content/plugins/woocommerce/packages/woocommerce-blocks/src/BlockTypes/CartOrderSummaryShippingBlock.php on line 1

2023-08-11T12:17:02+00:00 CRITICAL Out of memory (allocated 91226112) (tried to allocate 221184 bytes) in /home/crioit/criof.com/wp-includes/class-wpdb.php on line 2431

2023-08-11T12:29:28+00:00 CRITICAL LiteSpeed\Root::cls(): Cannot use output buffering in output buffering display handlers in /home/crioit/criof.com/wp-content/plugins/litespeed-cache/src/media.cls.php on line 347

2023-08-11T12:47:23+00:00 CRITICAL Out of memory (allocated 91226112) (tried to allocate 221184 bytes) in /home/crioit/criof.com/wp-includes/class-wpdb.php on line 2431

2023-08-11T12:47:37+00:00 CRITICAL Out of memory (allocated 89128960) (tried to allocate 217088 bytes) in /home/crioit/criof.com/xmlrpc.php on line 66

2023-08-11T13:12:11+00:00 CRITICAL Out of memory (allocated 55050240) (tried to allocate 114688 bytes) in /home/crioit/criof.com/wp-settings.php on line 468

2023-08-11T13:53:00+00:00 CRITICAL Out of memory (allocated 59244544) (tried to allocate 135168 bytes) in /home/crioit/criof.com/wp-content/plugins/olympus-google-fonts/includes/functions.php on line 159

2023-08-11T13:53:05+00:00 CRITICAL LiteSpeed\Root::cls(): Cannot use output buffering in output buffering display handlers in /home/crioit/criof.com/wp-content/plugins/woocommerce/packages/woocommerce-blocks/src/BlockTypes/CartOrderSummaryDiscountBlock.php on line 1

2023-08-11T14:21:51+00:00 CRITICAL Out of memory (allocated 55050240) (tried to allocate 114688 bytes) in /home/crioit/criof.com/wp-settings.php on line 468

2023-08-11T15:40:47+00:00 CRITICAL Out of memory (allocated 82837504) (tried to allocate 53248 bytes) in /home/crioit/criof.com/wp-content/plugins/woocommerce/vendor/jetpack-autoloader/class-php-autoloader.php on line 87

2023-08-11T16:47:42+00:00 CRITICAL LiteSpeed\Root::cls(): Cannot use output buffering in output buffering display handlers in /home/crioit/criof.com/wp-includes/Requests/src/Iri.php on line 1060

2023-08-11T17:10:57+00:00 CRITICAL require_once(): Cannot use output buffering in output buffering display handlers in /home/crioit/criof.com/wp-content/plugins/litespeed-cache/src/debug2.cls.php on line 1

2023-08-11T17:29:23+00:00 CRITICAL Out of memory (allocated 57147392) (tried to allocate 40960 bytes) in /home/crioit/criof.com/wp-includes/pomo/mo.php on line 302

2023-08-11T18:00:18+00:00 CRITICAL Out of memory (allocated 57147392) (tried to allocate 20480 bytes) in /home/crioit/criof.com/wp-includes/pomo/mo.php on line 328

2023-08-11T20:50:43+00:00 CRITICAL LiteSpeed\Root::cls(): Cannot use output buffering in output buffering display handlers in /home/crioit/criof.com/wp-content/plugins/litespeed-cache/src/media.cls.php on line 347

2023-08-11T21:09:44+00:00 CRITICAL Out of memory (allocated 59244544) (tried to allocate 135168 bytes) in /home/crioit/criof.com/wp-content/plugins/olympus-google-fonts/includes/functions.php on line 159

2023-08-11T21:33:41+00:00 CRITICAL LiteSpeed\Root::cls(): Cannot use output buffering in output buffering display handlers in /home/crioit/criof.com/wp-includes/Requests/src/Transport/Curl.php on line 450

2023-08-11T23:45:53+00:00 CRITICAL Out of memory (allocated 89128960) (tried to allocate 217088 bytes) in /home/crioit/criof.com/xmlrpc.php on line 66

